Using pre-set license
Built from '2020.3/staging' branch; Version is '2020.3.14f1 (d0d1bb862f9d) revision 13685179'; Using compiler version '192528614'; Build Type 'Release'
OS: 'Windows 10 Home Single Language; OS build 19043.1586; Version 2009; 64bit' Language: 'en' Physical Memory: 16235 MB
BatchMode: 1, IsHumanControllingUs: 0, StartBugReporterOnCrash: 0, Is64bit: 1, IsPro: 0

 COMMAND LINE ARGUMENTS:
C:\Program Files\Unity\Hub\Editor\2020.3.14f1\Editor\Unity.exe
-adb2
-batchMode
-noUpm
-name
AssetImportWorker0
-projectPath
D:/unity/Level two with playe animation/Zombieland - Copy (2)
-logFile
Logs/AssetImportWorker0.log
-srvPort
60732
Successfully changed project path to: D:/unity/Level two with playe animation/Zombieland - Copy (2)
D:/unity/Level two with playe animation/Zombieland - Copy (2)
Using Asset Import Pipeline V2.
Refreshing native plugins compatible for Editor in 37.58 ms, found 3 plugins.
Preloading 0 native plugins for Editor in 0.00 ms.
Initialize engine version: 2020.3.14f1 (d0d1bb862f9d)
[Subsystems] Discovering subsystems at path C:/Program Files/Unity/Hub/Editor/2020.3.14f1/Editor/Data/Resources/UnitySubsystems
[Subsystems] Discovering subsystems at path D:/unity/Level two with playe animation/Zombieland - Copy (2)/Assets
GfxDevice: creating device client; threaded=0
Direct3D:
    Version:  Direct3D 11.0 [level 11.1]
    Renderer: NVIDIA GeForce MX250 (ID=0x1d13)
    Vendor:   
    VRAM:     1983 MB
    Driver:   27.21.14.6259
Initialize mono
Mono path[0] = 'C:/Program Files/Unity/Hub/Editor/2020.3.14f1/Editor/Data/Managed'
Mono path[1] = 'C:/Program Files/Unity/Hub/Editor/2020.3.14f1/Editor/Data/MonoBleedingEdge/lib/mono/unityjit'
Mono config path = 'C:/Program Files/Unity/Hub/Editor/2020.3.14f1/Editor/Data/MonoBleedingEdge/etc'
Using monoOptions --debugger-agent=transport=dt_socket,embedding=1,server=y,suspend=n,address=127.0.0.1:56980
Begin MonoManager ReloadAssembly
Registering precompiled unity dll's ...
Register platform support module: C:/Program Files/Unity/Hub/Editor/2020.3.14f1/Editor/Data/PlaybackEngines/WebGLSupport/UnityEditor.WebGL.Extensions.dll
Register platform support module: C:/Program Files/Unity/Hub/Editor/2020.3.14f1/Editor/Data/PlaybackEngines/WindowsStandaloneSupport/UnityEditor.WindowsStandalone.Extensions.dll
Registered in 0.001945 seconds.
Native extension for WindowsStandalone target not found
Native extension for WebGL target not found
Refreshing native plugins compatible for Editor in 45.77 ms, found 3 plugins.
Preloading 0 native plugins for Editor in 0.00 ms.
Mono: successfully reloaded assembly
- Completed reload, in  1.286 seconds
Domain Reload Profiling:
	ReloadAssembly (1287ms)
		BeginReloadAssembly (54ms)
			ExecutionOrderSort (0ms)
			DisableScriptedObjects (0ms)
			BackupInstance (0ms)
			ReleaseScriptingObjects (0ms)
			CreateAndSetChildDomain (1ms)
		EndReloadAssembly (517ms)
			LoadAssemblies (51ms)
			RebuildTransferFunctionScriptingTraits (0ms)
			SetupTypeCache (245ms)
			ReleaseScriptCaches (0ms)
			RebuildScriptCaches (31ms)
			SetupLoadedEditorAssemblies (172ms)
				LogAssemblyErrors (0ms)
				InitializePlatformSupportModulesInManaged (4ms)
				SetLoadedEditorAssemblies (0ms)
				RefreshPlugins (46ms)
				BeforeProcessingInitializeOnLoad (7ms)
				ProcessInitializeOnLoadAttributes (79ms)
				ProcessInitializeOnLoadMethodAttributes (36ms)
				AfterProcessingInitializeOnLoad (0ms)
				EditorAssembliesLoaded (0ms)
			ExecutionOrderSort2 (0ms)
			AwakeInstancesAfterBackupRestoration (0ms)
Platform modules already initialized, skipping
Registering precompiled user dll's ...
Registered in 0.112481 seconds.
Begin MonoManager ReloadAssembly
Native extension for WindowsStandalone target not found
Native extension for WebGL target not found
Refreshing native plugins compatible for Editor in 41.19 ms, found 3 plugins.
Preloading 0 native plugins for Editor in 0.00 ms.
Mono: successfully reloaded assembly
- Completed reload, in  1.178 seconds
Domain Reload Profiling:
	ReloadAssembly (1178ms)
		BeginReloadAssembly (141ms)
			ExecutionOrderSort (0ms)
			DisableScriptedObjects (5ms)
			BackupInstance (0ms)
			ReleaseScriptingObjects (0ms)
			CreateAndSetChildDomain (19ms)
		EndReloadAssembly (974ms)
			LoadAssemblies (85ms)
			RebuildTransferFunctionScriptingTraits (0ms)
			SetupTypeCache (276ms)
			ReleaseScriptCaches (1ms)
			RebuildScriptCaches (46ms)
			SetupLoadedEditorAssemblies (457ms)
				LogAssemblyErrors (0ms)
				InitializePlatformSupportModulesInManaged (5ms)
				SetLoadedEditorAssemblies (0ms)
				RefreshPlugins (41ms)
				BeforeProcessingInitializeOnLoad (60ms)
				ProcessInitializeOnLoadAttributes (334ms)
				ProcessInitializeOnLoadMethodAttributes (12ms)
				AfterProcessingInitializeOnLoad (5ms)
				EditorAssembliesLoaded (0ms)
			ExecutionOrderSort2 (0ms)
			AwakeInstancesAfterBackupRestoration (6ms)
Platform modules already initialized, skipping
========================================================================
Worker process is ready to serve import requests
Launched and connected shader compiler UnityShaderCompiler.exe after 0.07 seconds
Refreshing native plugins compatible for Editor in 0.65 ms, found 3 plugins.
Preloading 0 native plugins for Editor in 0.00 ms.
Unloading 2096 Unused Serialized files (Serialized files now loaded: 0)
System memory in use before: 93.2 MB.
System memory in use after: 93.2 MB.

Unloading 33 unused Assets to reduce memory usage. Loaded Objects now: 2530.
Total: 2.675700 ms (FindLiveObjects: 0.203600 ms CreateObjectMapping: 0.070100 ms MarkObjects: 2.225300 ms  DeleteObjects: 0.175700 ms)

AssetImportParameters requested are different than current active one (requested -> active):
  custom:framework-win-MediaFoundation: 216162199b28c13a410421893ffa2e32 -> 
  custom:video-decoder-ogg-theora: a1e56fd34408186e4bbccfd4996cb3dc -> 
  custom:container-muxer-webm: aa71ff27fc2769a1b78a27578f13a17b -> 
  custom:container-demuxer-webm: 4f35f7cbe854078d1ac9338744f61a02 -> 
  custom:container-demuxer-ogg: 62fdf1f143b41e24485cea50d1cbac27 -> 
  custom:video-encoder-webm-vp8: eb34c28f22e8b96e1ab97ce403110664 -> 
  custom:video-decoder-webm-vp8: 9c59270c3fd7afecdb556c50c9e8de78 -> 
  custom:audio-decoder-ogg-vorbis: bf7c407c2cedff20999df2af8eb42d56 -> 
  custom:audio-encoder-webm-vorbis: bf7c407c2cedff20999df2af8eb42d56 -> 
========================================================================
Received Import Request.
  path: Assets/Sprites/Zombie
  artifactKey: Guid(49db88e3e6e1c634eae797590353e596) Importer(815301076,1909f56bfc062723c751e8b465ee728b)
Start importing Assets/Sprites/Zombie using Guid(49db88e3e6e1c634eae797590353e596) Importer(815301076,1909f56bfc062723c751e8b465ee728b)  -> (artifact id: '2634e798309dbfb7f55f8704d91464fb') in 0.008474 seconds 
  Import took 0.011658 seconds .

========================================================================
Received Import Request.
  Time since last request: 6.991887 seconds.
  path: Assets/Sprites/Zombie/zombie1
  artifactKey: Guid(4b956134ebf06d94e82666caaf1ea769) Importer(815301076,1909f56bfc062723c751e8b465ee728b)
Start importing Assets/Sprites/Zombie/zombie1 using Guid(4b956134ebf06d94e82666caaf1ea769) Importer(815301076,1909f56bfc062723c751e8b465ee728b)  -> (artifact id: '2bd6b68c7b5364e913872f42d55e0957') in 0.008062 seconds 
  Import took 0.012532 seconds .

========================================================================
Received Import Request.
  Time since last request: 8.609227 seconds.
  path: Assets/Sprites/Zombie/Zombie2
  artifactKey: Guid(156d1829fde97ec4c8cd63925b09f2a1) Importer(815301076,1909f56bfc062723c751e8b465ee728b)
Start importing Assets/Sprites/Zombie/Zombie2 using Guid(156d1829fde97ec4c8cd63925b09f2a1) Importer(815301076,1909f56bfc062723c751e8b465ee728b)  -> (artifact id: '9c4b6f1ef07c6cae9b3d13005a17803d') in 0.007969 seconds 
  Import took 0.012298 seconds .

========================================================================
Received Import Request.
  Time since last request: 109.282694 seconds.
  path: Assets/Sprites/Zombie/zombie1/Attack1.png
  artifactKey: Guid(6ed7d2d8bb896324fa8097fd22e5a3bb) Importer(815301076,1909f56bfc062723c751e8b465ee728b)
Start importing Assets/Sprites/Zombie/zombie1/Attack1.png using Guid(6ed7d2d8bb896324fa8097fd22e5a3bb) Importer(815301076,1909f56bfc062723c751e8b465ee728b)  -> (artifact id: '1ff1e8322c3a18dbbe4434526dff07a1') in 0.108036 seconds 
  Import took 0.112969 seconds .

========================================================================
Received Import Request.
  Time since last request: 0.000349 seconds.
  path: Assets/Sprites/Zombie/zombie1/Dead4.png
  artifactKey: Guid(41a3ea3c4d5359f45aff6a0eb6fba27a) Importer(815301076,1909f56bfc062723c751e8b465ee728b)
Start importing Assets/Sprites/Zombie/zombie1/Dead4.png using Guid(41a3ea3c4d5359f45aff6a0eb6fba27a) Importer(815301076,1909f56bfc062723c751e8b465ee728b)  -> (artifact id: '6c00d1662e756862001e27f4908f7ae6') in 0.019024 seconds 
  Import took 0.022115 seconds .

========================================================================
Received Import Request.
  Time since last request: 0.000295 seconds.
  path: Assets/Sprites/Zombie/zombie1/Attack4.png
  artifactKey: Guid(9193e13246325ed449b3dfcd5e749e48) Importer(815301076,1909f56bfc062723c751e8b465ee728b)
Start importing Assets/Sprites/Zombie/zombie1/Attack4.png using Guid(9193e13246325ed449b3dfcd5e749e48) Importer(815301076,1909f56bfc062723c751e8b465ee728b)  -> (artifact id: 'd88b8a5de3bee2772fd54e557413171b') in 0.018610 seconds 
  Import took 0.022298 seconds .

========================================================================
Received Import Request.
  Time since last request: 0.000343 seconds.
  path: Assets/Sprites/Zombie/zombie1/Run5.png
  artifactKey: Guid(e7435bde94c06a54f964fa9bf2a17f44) Importer(815301076,1909f56bfc062723c751e8b465ee728b)
Start importing Assets/Sprites/Zombie/zombie1/Run5.png using Guid(e7435bde94c06a54f964fa9bf2a17f44) Importer(815301076,1909f56bfc062723c751e8b465ee728b)  -> (artifact id: 'ed59bd35323fd7e072c255cc71459a23') in 0.020315 seconds 
  Import took 0.024678 seconds .

========================================================================
Received Import Request.
  Time since last request: 0.000477 seconds.
  path: Assets/Sprites/Zombie/zombie1/Dead8.png
  artifactKey: Guid(56ef56e3b3b075e43b4e78c5243be7f8) Importer(815301076,1909f56bfc062723c751e8b465ee728b)
Start importing Assets/Sprites/Zombie/zombie1/Dead8.png using Guid(56ef56e3b3b075e43b4e78c5243be7f8) Importer(815301076,1909f56bfc062723c751e8b465ee728b)  -> (artifact id: 'cf9e4d08740f8330e3db42b354f6a0c3') in 0.016657 seconds 
  Import took 0.021444 seconds .

========================================================================
Received Import Request.
  Time since last request: 0.000392 seconds.
  path: Assets/Sprites/Zombie/zombie1/Hurt1.png
  artifactKey: Guid(2281c9def74854e46913a6b878ed60a1) Importer(815301076,1909f56bfc062723c751e8b465ee728b)
Start importing Assets/Sprites/Zombie/zombie1/Hurt1.png using Guid(2281c9def74854e46913a6b878ed60a1) Importer(815301076,1909f56bfc062723c751e8b465ee728b)  -> (artifact id: 'e82a7630f8d5a4210b911ab7dc79addb') in 0.019182 seconds 
  Import took 0.023223 seconds .

========================================================================
Received Import Request.
  Time since last request: 0.000312 seconds.
  path: Assets/Sprites/Zombie/zombie1/Hurt3.png
  artifactKey: Guid(73e2aaa8dde9e2348aa0956d376ec5ac) Importer(815301076,1909f56bfc062723c751e8b465ee728b)
Start importing Assets/Sprites/Zombie/zombie1/Hurt3.png using Guid(73e2aaa8dde9e2348aa0956d376ec5ac) Importer(815301076,1909f56bfc062723c751e8b465ee728b)  -> (artifact id: '348902e1c01802ab61cd2eaa84f8b018') in 0.017211 seconds 
  Import took 0.020719 seconds .

========================================================================
Received Import Request.
  Time since last request: 0.000279 seconds.
  path: Assets/Sprites/Zombie/zombie1/Idle1.png
  artifactKey: Guid(da986105bf028814ebfbe65f72e340ae) Importer(815301076,1909f56bfc062723c751e8b465ee728b)
Start importing Assets/Sprites/Zombie/zombie1/Idle1.png using Guid(da986105bf028814ebfbe65f72e340ae) Importer(815301076,1909f56bfc062723c751e8b465ee728b)  -> (artifact id: 'a56a952998c266c28640097d669d6c4f') in 0.020526 seconds 
  Import took 0.024004 seconds .

========================================================================
Received Import Request.
  Time since last request: 0.000311 seconds.
  path: Assets/Sprites/Zombie/zombie1/Dead2.png
  artifactKey: Guid(71721a8337368d143beeed643d6f7f26) Importer(815301076,1909f56bfc062723c751e8b465ee728b)
Start importing Assets/Sprites/Zombie/zombie1/Dead2.png using Guid(71721a8337368d143beeed643d6f7f26) Importer(815301076,1909f56bfc062723c751e8b465ee728b)  -> (artifact id: 'b079a55e91e4a673e0831a5bf08f2a69') in 0.016436 seconds 
  Import took 0.020143 seconds .

========================================================================
Received Import Request.
  Time since last request: 0.000506 seconds.
  path: Assets/Sprites/Zombie/zombie1/Run8.png
  artifactKey: Guid(bd71b7dff3e583f47a14a063c9091b65) Importer(815301076,1909f56bfc062723c751e8b465ee728b)
Start importing Assets/Sprites/Zombie/zombie1/Run8.png using Guid(bd71b7dff3e583f47a14a063c9091b65) Importer(815301076,1909f56bfc062723c751e8b465ee728b)  -> (artifact id: 'c544210671e55adc4147a683231fe865') in 0.017837 seconds 
  Import took 0.022075 seconds .

========================================================================
Received Import Request.
  Time since last request: 0.000301 seconds.
  path: Assets/Sprites/Zombie/zombie1/Idle3.png
  artifactKey: Guid(0830043c63f97504d9e1dd96769eb437) Importer(815301076,1909f56bfc062723c751e8b465ee728b)
Start importing Assets/Sprites/Zombie/zombie1/Idle3.png using Guid(0830043c63f97504d9e1dd96769eb437) Importer(815301076,1909f56bfc062723c751e8b465ee728b)  -> (artifact id: 'fa6c1e22f8d10dbf6e8028e4210fc436') in 0.018589 seconds 
  Import took 0.022766 seconds .

========================================================================
Received Import Request.
  Time since last request: 0.000267 seconds.
  path: Assets/Sprites/Zombie/zombie1/Run2.png
  artifactKey: Guid(09262fc5eb22c5e4b9aaad0dba5cda00) Importer(815301076,1909f56bfc062723c751e8b465ee728b)
Start importing Assets/Sprites/Zombie/zombie1/Run2.png using Guid(09262fc5eb22c5e4b9aaad0dba5cda00) Importer(815301076,1909f56bfc062723c751e8b465ee728b)  -> (artifact id: '229a70133e4d4d4e9e99033ba1232340') in 0.022730 seconds 
  Import took 0.026678 seconds .

========================================================================
Received Import Request.
  Time since last request: 0.000311 seconds.
  path: Assets/Sprites/Zombie/zombie1/Attack2.png
  artifactKey: Guid(b5f05c01bc87d504a898ddd946ce9a24) Importer(815301076,1909f56bfc062723c751e8b465ee728b)
Start importing Assets/Sprites/Zombie/zombie1/Attack2.png using Guid(b5f05c01bc87d504a898ddd946ce9a24) Importer(815301076,1909f56bfc062723c751e8b465ee728b)  -> (artifact id: '3c9f444986c5527de57758282848dae6') in 0.018215 seconds 
  Import took 0.022203 seconds .

========================================================================
Received Import Request.
  Time since last request: 0.000313 seconds.
  path: Assets/Sprites/Zombie/zombie1/Run3.png
  artifactKey: Guid(d0ad51f4093fc76459c3b0ee5c6c5c5e) Importer(815301076,1909f56bfc062723c751e8b465ee728b)
Start importing Assets/Sprites/Zombie/zombie1/Run3.png using Guid(d0ad51f4093fc76459c3b0ee5c6c5c5e) Importer(815301076,1909f56bfc062723c751e8b465ee728b)  -> (artifact id: '214a9d3f6eec8b0fcab4a2533d4f0201') in 0.018797 seconds 
  Import took 0.022234 seconds .

========================================================================
Received Import Request.
  Time since last request: 0.000214 seconds.
  path: Assets/Sprites/Zombie/zombie1/Dead7.png
  artifactKey: Guid(7def468fa005f3646b4d402bf4df52a2) Importer(815301076,1909f56bfc062723c751e8b465ee728b)
Start importing Assets/Sprites/Zombie/zombie1/Dead7.png using Guid(7def468fa005f3646b4d402bf4df52a2) Importer(815301076,1909f56bfc062723c751e8b465ee728b)  -> (artifact id: 'dbb55fff31436533d14370f8724602f3') in 0.018193 seconds 
  Import took 0.022836 seconds .

========================================================================
Received Import Request.
  Time since last request: 0.000287 seconds.
  path: Assets/Sprites/Zombie/zombie1/Run1.png
  artifactKey: Guid(e6cfe6dc4572c2240a99a6abd17e2c60) Importer(815301076,1909f56bfc062723c751e8b465ee728b)
Start importing Assets/Sprites/Zombie/zombie1/Run1.png using Guid(e6cfe6dc4572c2240a99a6abd17e2c60) Importer(815301076,1909f56bfc062723c751e8b465ee728b)  -> (artifact id: '29e8321247482d1f73d194bf4396212a') in 0.017313 seconds 
  Import took 0.022181 seconds .

========================================================================
Received Import Request.
  Time since last request: 0.000254 seconds.
  path: Assets/Sprites/Zombie/zombie1/Dead6.png
  artifactKey: Guid(e5deab673745fe540a35787370feaf44) Importer(815301076,1909f56bfc062723c751e8b465ee728b)
Start importing Assets/Sprites/Zombie/zombie1/Dead6.png using Guid(e5deab673745fe540a35787370feaf44) Importer(815301076,1909f56bfc062723c751e8b465ee728b)  -> (artifact id: 'b2d212c5dac7a593aa008ce039d02ab7') in 0.018922 seconds 
  Import took 0.022622 seconds .

========================================================================
Received Import Request.
  Time since last request: 0.000204 seconds.
  path: Assets/Sprites/Zombie/zombie1/Attaxk6.png
  artifactKey: Guid(24352158158cff44c882d3ffb5f255ed) Importer(815301076,1909f56bfc062723c751e8b465ee728b)
Start importing Assets/Sprites/Zombie/zombie1/Attaxk6.png using Guid(24352158158cff44c882d3ffb5f255ed) Importer(815301076,1909f56bfc062723c751e8b465ee728b)  -> (artifact id: 'b37082f076b7348640935325124e50cb') in 0.017938 seconds 
  Import took 0.022212 seconds .

========================================================================
Received Import Request.
  Time since last request: 0.000313 seconds.
  path: Assets/Sprites/Zombie/zombie1/Attack5.png
  artifactKey: Guid(c1acebea8db4f404faf805c1904b9415) Importer(815301076,1909f56bfc062723c751e8b465ee728b)
Start importing Assets/Sprites/Zombie/zombie1/Attack5.png using Guid(c1acebea8db4f404faf805c1904b9415) Importer(815301076,1909f56bfc062723c751e8b465ee728b)  -> (artifact id: 'a8e12265f403c717ce1f6d21c9b4f617') in 0.017642 seconds 
  Import took 0.021109 seconds .

========================================================================
Received Import Request.
  Time since last request: 0.000266 seconds.
  path: Assets/Sprites/Zombie/zombie1/Dead5.png
  artifactKey: Guid(a9f447ff0619ec84db7cd20855002eb4) Importer(815301076,1909f56bfc062723c751e8b465ee728b)
Start importing Assets/Sprites/Zombie/zombie1/Dead5.png using Guid(a9f447ff0619ec84db7cd20855002eb4) Importer(815301076,1909f56bfc062723c751e8b465ee728b)  -> (artifact id: '825ca7d96703eb4081a7f803c5ecdaef') in 0.018662 seconds 
  Import took 0.021954 seconds .

========================================================================
Received Import Request.
  Time since last request: 0.000282 seconds.
  path: Assets/Sprites/Zombie/zombie1/Dead3.png
  artifactKey: Guid(b2e55dbdd911f394a9f95dee3d287b14) Importer(815301076,1909f56bfc062723c751e8b465ee728b)
Start importing Assets/Sprites/Zombie/zombie1/Dead3.png using Guid(b2e55dbdd911f394a9f95dee3d287b14) Importer(815301076,1909f56bfc062723c751e8b465ee728b)  -> (artifact id: '9aa58586c54a6d4af1e7042a0c44444e') in 0.016108 seconds 
  Import took 0.020193 seconds .

========================================================================
Received Import Request.
  Time since last request: 0.000302 seconds.
  path: Assets/Sprites/Zombie/zombie1/Hurt2.png
  artifactKey: Guid(1025449daeafae34bad4dad1d5c83b0c) Importer(815301076,1909f56bfc062723c751e8b465ee728b)
Start importing Assets/Sprites/Zombie/zombie1/Hurt2.png using Guid(1025449daeafae34bad4dad1d5c83b0c) Importer(815301076,1909f56bfc062723c751e8b465ee728b)  -> (artifact id: 'ed120496ce2a06237ee4420965532c65') in 0.017834 seconds 
  Import took 0.022769 seconds .

========================================================================
Received Import Request.
  Time since last request: 0.000246 seconds.
  path: Assets/Sprites/Zombie/zombie1/Hurt4.png
  artifactKey: Guid(52c165253576cc8438751fec5a63380a) Importer(815301076,1909f56bfc062723c751e8b465ee728b)
Start importing Assets/Sprites/Zombie/zombie1/Hurt4.png using Guid(52c165253576cc8438751fec5a63380a) Importer(815301076,1909f56bfc062723c751e8b465ee728b)  -> (artifact id: '85cebd72be976ee4285c3336d7b0e72e') in 0.017295 seconds 
  Import took 0.021865 seconds .

========================================================================
Received Import Request.
  Time since last request: 0.000218 seconds.
  path: Assets/Sprites/Zombie/zombie1/Idle2.png
  artifactKey: Guid(58e490de2a5ed114c970565e39035fa9) Importer(815301076,1909f56bfc062723c751e8b465ee728b)
Start importing Assets/Sprites/Zombie/zombie1/Idle2.png using Guid(58e490de2a5ed114c970565e39035fa9) Importer(815301076,1909f56bfc062723c751e8b465ee728b)  -> (artifact id: 'c75ff59528079aa3d17cc58c87ec6845') in 0.019596 seconds 
  Import took 0.024534 seconds .

========================================================================
Received Import Request.
  Time since last request: 0.000383 seconds.
  path: Assets/Sprites/Zombie/zombie1/Run9.png
  artifactKey: Guid(35c29ef808f60824799235cb785ff194) Importer(815301076,1909f56bfc062723c751e8b465ee728b)
Start importing Assets/Sprites/Zombie/zombie1/Run9.png using Guid(35c29ef808f60824799235cb785ff194) Importer(815301076,1909f56bfc062723c751e8b465ee728b)  -> (artifact id: 'ef4e2b4e086fe15eec364e80ca57c92b') in 0.016461 seconds 
  Import took 0.020757 seconds .

========================================================================
Received Import Request.
  Time since last request: 0.000180 seconds.
  path: Assets/Sprites/Zombie/zombie1/Run10.png
  artifactKey: Guid(4329d29c1f660ef418fe1ae5ecaa10e2) Importer(815301076,1909f56bfc062723c751e8b465ee728b)
Start importing Assets/Sprites/Zombie/zombie1/Run10.png using Guid(4329d29c1f660ef418fe1ae5ecaa10e2) Importer(815301076,1909f56bfc062723c751e8b465ee728b)  -> (artifact id: 'a30fe873f9ace40459ae52cea0a0efbb') in 0.016675 seconds 
  Import took 0.020077 seconds .

========================================================================
Received Import Request.
  Time since last request: 0.000227 seconds.
  path: Assets/Sprites/Zombie/zombie1/Run4.png
  artifactKey: Guid(a33fe83ed75b0c74aad4ec61151621a7) Importer(815301076,1909f56bfc062723c751e8b465ee728b)
Start importing Assets/Sprites/Zombie/zombie1/Run4.png using Guid(a33fe83ed75b0c74aad4ec61151621a7) Importer(815301076,1909f56bfc062723c751e8b465ee728b)  -> (artifact id: '46f43f1112b97f284d80a5fefb1b9660') in 0.016294 seconds 
  Import took 0.019493 seconds .

========================================================================
Received Import Request.
  Time since last request: 0.000195 seconds.
  path: Assets/Sprites/Zombie/zombie1/Idle4.png
  artifactKey: Guid(c385e229724d29c4ba3f743e3c6280af) Importer(815301076,1909f56bfc062723c751e8b465ee728b)
Start importing Assets/Sprites/Zombie/zombie1/Idle4.png using Guid(c385e229724d29c4ba3f743e3c6280af) Importer(815301076,1909f56bfc062723c751e8b465ee728b)  -> (artifact id: 'f5bdb83c748748b2c45ee0db131ef694') in 0.016593 seconds 
  Import took 0.020506 seconds .

========================================================================
Received Import Request.
  Time since last request: 0.000189 seconds.
  path: Assets/Sprites/Zombie/zombie1/Attack3.png
  artifactKey: Guid(1bf6515f56985f241811c23b182ae8b2) Importer(815301076,1909f56bfc062723c751e8b465ee728b)
Start importing Assets/Sprites/Zombie/zombie1/Attack3.png using Guid(1bf6515f56985f241811c23b182ae8b2) Importer(815301076,1909f56bfc062723c751e8b465ee728b)  -> (artifact id: '0bdd8d1908f9ed3597f2bbfbcb62929c') in 0.016802 seconds 
  Import took 0.020655 seconds .

========================================================================
Received Import Request.
  Time since last request: 0.000230 seconds.
  path: Assets/Sprites/Zombie/zombie1/Dead1.png
  artifactKey: Guid(38c80fa3a8c590e428af1c6ed1aacb1d) Importer(815301076,1909f56bfc062723c751e8b465ee728b)
Start importing Assets/Sprites/Zombie/zombie1/Dead1.png using Guid(38c80fa3a8c590e428af1c6ed1aacb1d) Importer(815301076,1909f56bfc062723c751e8b465ee728b)  -> (artifact id: '518901d8a677fd8090cc60d486360a4c') in 0.049989 seconds 
  Import took 0.068466 seconds .

========================================================================
Received Import Request.
  Time since last request: 0.001395 seconds.
  path: Assets/Sprites/Zombie/zombie1/Run6.png
  artifactKey: Guid(0151b3fe7d9352b4185d8dcfb8a4bd37) Importer(815301076,1909f56bfc062723c751e8b465ee728b)
Start importing Assets/Sprites/Zombie/zombie1/Run6.png using Guid(0151b3fe7d9352b4185d8dcfb8a4bd37) Importer(815301076,1909f56bfc062723c751e8b465ee728b)  -> (artifact id: 'ade55394028bc50652776d462c59cdb8') in 0.132579 seconds 
  Import took 0.159652 seconds .

========================================================================
Received Import Request.
  Time since last request: 0.001419 seconds.
  path: Assets/Sprites/Zombie/zombie1/Hurt5.png
  artifactKey: Guid(355f3ab3765f89649b0ae47a52a8c214) Importer(815301076,1909f56bfc062723c751e8b465ee728b)
Start importing Assets/Sprites/Zombie/zombie1/Hurt5.png using Guid(355f3ab3765f89649b0ae47a52a8c214) Importer(815301076,1909f56bfc062723c751e8b465ee728b)  -> (artifact id: '919969b6cde1a3feccaeba19f6e43b92') in 0.116756 seconds 
  Import took 0.150439 seconds .

========================================================================
Received Import Request.
  Time since last request: 0.001343 seconds.
  path: Assets/Sprites/Zombie/zombie1/Run7.png
  artifactKey: Guid(43a2d35bc9c973341ace4caf3e350ac2) Importer(815301076,1909f56bfc062723c751e8b465ee728b)
Start importing Assets/Sprites/Zombie/zombie1/Run7.png using Guid(43a2d35bc9c973341ace4caf3e350ac2) Importer(815301076,1909f56bfc062723c751e8b465ee728b)  -> (artifact id: '9cab96432015368f449c5e8edcf471c4') in 0.122538 seconds 
  Import took 0.151140 seconds .

========================================================================
Received Import Request.
  Time since last request: 59.131043 seconds.
  path: Assets/Sprites/Zombie/Zombie2/Attack1.png
  artifactKey: Guid(8c92ee390988a1f4ab3cf0fff8f0712e) Importer(815301076,1909f56bfc062723c751e8b465ee728b)
Start importing Assets/Sprites/Zombie/Zombie2/Attack1.png using Guid(8c92ee390988a1f4ab3cf0fff8f0712e) Importer(815301076,1909f56bfc062723c751e8b465ee728b)  -> (artifact id: 'ba2087002e1377cf21f1dccd68a7fa06') in 0.056989 seconds 
  Import took 0.061444 seconds .

========================================================================
Received Import Request.
  Time since last request: 0.000301 seconds.
  path: Assets/Sprites/Zombie/Zombie2/Dead8.png
  artifactKey: Guid(200b3445bc5c4c44888e18f5ff725a8c) Importer(815301076,1909f56bfc062723c751e8b465ee728b)
Start importing Assets/Sprites/Zombie/Zombie2/Dead8.png using Guid(200b3445bc5c4c44888e18f5ff725a8c) Importer(815301076,1909f56bfc062723c751e8b465ee728b)  -> (artifact id: '3033877e11f2c53d5bdcbeed82840c7b') in 0.018203 seconds 
  Import took 0.021962 seconds .

========================================================================
Received Import Request.
  Time since last request: 0.000219 seconds.
  path: Assets/Sprites/Zombie/Zombie2/Run5.png
  artifactKey: Guid(335b1ebc335fd89488afccca0d322469) Importer(815301076,1909f56bfc062723c751e8b465ee728b)
Start importing Assets/Sprites/Zombie/Zombie2/Run5.png using Guid(335b1ebc335fd89488afccca0d322469) Importer(815301076,1909f56bfc062723c751e8b465ee728b)  -> (artifact id: 'f9958a497df9ad3949dbba834202ebdc') in 0.016672 seconds 
  Import took 0.020622 seconds .

========================================================================
Received Import Request.
  Time since last request: 0.000293 seconds.
  path: Assets/Sprites/Zombie/Zombie2/Dead2.png
  artifactKey: Guid(21ae7fd8fbf929d4aa492f0313f625be) Importer(815301076,1909f56bfc062723c751e8b465ee728b)
Start importing Assets/Sprites/Zombie/Zombie2/Dead2.png using Guid(21ae7fd8fbf929d4aa492f0313f625be) Importer(815301076,1909f56bfc062723c751e8b465ee728b)  -> (artifact id: '3d9d64c1d1736344f890318be6231a72') in 0.019861 seconds 
  Import took 0.024576 seconds .

========================================================================
Received Import Request.
  Time since last request: 0.000332 seconds.
  path: Assets/Sprites/Zombie/Zombie2/Dead1.png
  artifactKey: Guid(345dd6d4b29709342916e7091335bb86) Importer(815301076,1909f56bfc062723c751e8b465ee728b)
Start importing Assets/Sprites/Zombie/Zombie2/Dead1.png using Guid(345dd6d4b29709342916e7091335bb86) Importer(815301076,1909f56bfc062723c751e8b465ee728b)  -> (artifact id: 'cd54dddda0a65b83403a5494a8d571c0') in 0.019316 seconds 
  Import took 0.023604 seconds .

========================================================================
Received Import Request.
  Time since last request: 0.000352 seconds.
  path: Assets/Sprites/Zombie/Zombie2/Hurt3.png
  artifactKey: Guid(59f1bea29bc325d4289914c5aacf5864) Importer(815301076,1909f56bfc062723c751e8b465ee728b)
Start importing Assets/Sprites/Zombie/Zombie2/Hurt3.png using Guid(59f1bea29bc325d4289914c5aacf5864) Importer(815301076,1909f56bfc062723c751e8b465ee728b)  -> (artifact id: '041ebec309456b2830c80a842b8f6303') in 0.015779 seconds 
  Import took 0.019378 seconds .

========================================================================
Received Import Request.
  Time since last request: 0.000238 seconds.
  path: Assets/Sprites/Zombie/Zombie2/Hurt4.png
  artifactKey: Guid(b8d0b1a617a970a4fb4faa0eb5bd8022) Importer(815301076,1909f56bfc062723c751e8b465ee728b)
Start importing Assets/Sprites/Zombie/Zombie2/Hurt4.png using Guid(b8d0b1a617a970a4fb4faa0eb5bd8022) Importer(815301076,1909f56bfc062723c751e8b465ee728b)  -> (artifact id: '704122591362f6e3fe9c84fe73243229') in 0.016292 seconds 
  Import took 0.021061 seconds .

========================================================================
Received Import Request.
  Time since last request: 0.000226 seconds.
  path: Assets/Sprites/Zombie/Zombie2/Run1.png
  artifactKey: Guid(e5454dd3e9719b14993e43043d639b70) Importer(815301076,1909f56bfc062723c751e8b465ee728b)
Start importing Assets/Sprites/Zombie/Zombie2/Run1.png using Guid(e5454dd3e9719b14993e43043d639b70) Importer(815301076,1909f56bfc062723c751e8b465ee728b)  -> (artifact id: '885acc7c219fe93d3eb3809ce16f56bc') in 0.016311 seconds 
  Import took 0.019554 seconds .

========================================================================
Received Import Request.
  Time since last request: 0.000315 seconds.
  path: Assets/Sprites/Zombie/Zombie2/Dead6.png
  artifactKey: Guid(95901cf2824d2864a87c7a92e0836559) Importer(815301076,1909f56bfc062723c751e8b465ee728b)
Start importing Assets/Sprites/Zombie/Zombie2/Dead6.png using Guid(95901cf2824d2864a87c7a92e0836559) Importer(815301076,1909f56bfc062723c751e8b465ee728b)  -> (artifact id: '68098654894ca61715e37b0c6a4e3bf5') in 0.016465 seconds 
  Import took 0.020117 seconds .

========================================================================
Received Import Request.
  Time since last request: 0.000197 seconds.
  path: Assets/Sprites/Zombie/Zombie2/Hurt5.png
  artifactKey: Guid(ca104b2f396c17c468ef9354c9e78fed) Importer(815301076,1909f56bfc062723c751e8b465ee728b)
Start importing Assets/Sprites/Zombie/Zombie2/Hurt5.png using Guid(ca104b2f396c17c468ef9354c9e78fed) Importer(815301076,1909f56bfc062723c751e8b465ee728b)  -> (artifact id: 'a62fe00659845143518d618c5c31d142') in 0.017431 seconds 
  Import took 0.021244 seconds .

========================================================================
Received Import Request.
  Time since last request: 0.000318 seconds.
  path: Assets/Sprites/Zombie/Zombie2/Attack2.png
  artifactKey: Guid(864aed0a52134a843b6937b233a734e7) Importer(815301076,1909f56bfc062723c751e8b465ee728b)
Start importing Assets/Sprites/Zombie/Zombie2/Attack2.png using Guid(864aed0a52134a843b6937b233a734e7) Importer(815301076,1909f56bfc062723c751e8b465ee728b)  -> (artifact id: 'd47e85057a27aa5457efa86bf847900b') in 0.016996 seconds 
  Import took 0.022101 seconds .

========================================================================
Received Import Request.
  Time since last request: 0.000199 seconds.
  path: Assets/Sprites/Zombie/Zombie2/Attack6.png
  artifactKey: Guid(3ed667f0563f6a94a91d3ec4d09315f9) Importer(815301076,1909f56bfc062723c751e8b465ee728b)
Start importing Assets/Sprites/Zombie/Zombie2/Attack6.png using Guid(3ed667f0563f6a94a91d3ec4d09315f9) Importer(815301076,1909f56bfc062723c751e8b465ee728b)  -> (artifact id: 'a5b41514ee24c7b196ed8a225a1e354b') in 0.015229 seconds 
  Import took 0.019186 seconds .

========================================================================
Received Import Request.
  Time since last request: 0.000184 seconds.
  path: Assets/Sprites/Zombie/Zombie2/Attack4.png
  artifactKey: Guid(c2435176c91a3564ea6b5e55460fc0b1) Importer(815301076,1909f56bfc062723c751e8b465ee728b)
Start importing Assets/Sprites/Zombie/Zombie2/Attack4.png using Guid(c2435176c91a3564ea6b5e55460fc0b1) Importer(815301076,1909f56bfc062723c751e8b465ee728b)  -> (artifact id: '6d9a3709b7abee11f7bb2a18e3757b2b') in 0.018131 seconds 
  Import took 0.021434 seconds .

========================================================================
Received Import Request.
  Time since last request: 0.000216 seconds.
  path: Assets/Sprites/Zombie/Zombie2/Attack3.png
  artifactKey: Guid(c5cea4f069a73f9428c1aff914219cd5) Importer(815301076,1909f56bfc062723c751e8b465ee728b)
Start importing Assets/Sprites/Zombie/Zombie2/Attack3.png using Guid(c5cea4f069a73f9428c1aff914219cd5) Importer(815301076,1909f56bfc062723c751e8b465ee728b)  -> (artifact id: '337f351002237cda0c888273669252ac') in 0.016382 seconds 
  Import took 0.020523 seconds .

========================================================================
Received Import Request.
  Time since last request: 0.000338 seconds.
  path: Assets/Sprites/Zombie/Zombie2/Attack5.png
  artifactKey: Guid(9cfe6760726d61f4eb2d331f05eca3bf) Importer(815301076,1909f56bfc062723c751e8b465ee728b)
Start importing Assets/Sprites/Zombie/Zombie2/Attack5.png using Guid(9cfe6760726d61f4eb2d331f05eca3bf) Importer(815301076,1909f56bfc062723c751e8b465ee728b)  -> (artifact id: '072e4836d18033035a66314ff539a2f6') in 0.015428 seconds 
  Import took 0.018933 seconds .

========================================================================
Received Import Request.
  Time since last request: 0.000308 seconds.
  path: Assets/Sprites/Zombie/Zombie2/Hurt1.png
  artifactKey: Guid(927ea68c75239644cbeb5c35d9f1380e) Importer(815301076,1909f56bfc062723c751e8b465ee728b)
Start importing Assets/Sprites/Zombie/Zombie2/Hurt1.png using Guid(927ea68c75239644cbeb5c35d9f1380e) Importer(815301076,1909f56bfc062723c751e8b465ee728b)  -> (artifact id: '8a2aaddbc1fa3626b92b4bfdd0ca35a3') in 0.016301 seconds 
  Import took 0.021549 seconds .

========================================================================
Received Import Request.
  Time since last request: 0.000263 seconds.
  path: Assets/Sprites/Zombie/Zombie2/Run4.png
  artifactKey: Guid(5533903b3a52b1e428e8b9bcb0b236f0) Importer(815301076,1909f56bfc062723c751e8b465ee728b)
Start importing Assets/Sprites/Zombie/Zombie2/Run4.png using Guid(5533903b3a52b1e428e8b9bcb0b236f0) Importer(815301076,1909f56bfc062723c751e8b465ee728b)  -> (artifact id: '4439d9d105c348f72b308138e375ba90') in 0.015913 seconds 
  Import took 0.019540 seconds .

========================================================================
Received Import Request.
  Time since last request: 0.000255 seconds.
  path: Assets/Sprites/Zombie/Zombie2/Idle3.png
  artifactKey: Guid(db55064486dffde41844bb1405796395) Importer(815301076,1909f56bfc062723c751e8b465ee728b)
Start importing Assets/Sprites/Zombie/Zombie2/Idle3.png using Guid(db55064486dffde41844bb1405796395) Importer(815301076,1909f56bfc062723c751e8b465ee728b)  -> (artifact id: 'f8805e39fe1731f1375629f354dfd60c') in 0.015973 seconds 
  Import took 0.020459 seconds .

========================================================================
Received Import Request.
  Time since last request: 0.000218 seconds.
  path: Assets/Sprites/Zombie/Zombie2/Run7.png
  artifactKey: Guid(81422014c2c4a3646951d460d08c919c) Importer(815301076,1909f56bfc062723c751e8b465ee728b)
Start importing Assets/Sprites/Zombie/Zombie2/Run7.png using Guid(81422014c2c4a3646951d460d08c919c) Importer(815301076,1909f56bfc062723c751e8b465ee728b)  -> (artifact id: '92eee682249257bc54455ac61d54c74d') in 0.017528 seconds 
  Import took 0.021511 seconds .

========================================================================
Received Import Request.
  Time since last request: 0.000290 seconds.
  path: Assets/Sprites/Zombie/Zombie2/Idle4.png
  artifactKey: Guid(78293c07c3374eb4684d09555b928a53) Importer(815301076,1909f56bfc062723c751e8b465ee728b)
Start importing Assets/Sprites/Zombie/Zombie2/Idle4.png using Guid(78293c07c3374eb4684d09555b928a53) Importer(815301076,1909f56bfc062723c751e8b465ee728b)  -> (artifact id: '7eaf1574bd664e3b7d99c7f0f66a9811') in 0.017124 seconds 
  Import took 0.021074 seconds .

========================================================================
Received Import Request.
  Time since last request: 0.000190 seconds.
  path: Assets/Sprites/Zombie/Zombie2/Dead3.png
  artifactKey: Guid(a5b3d1908d5856641b4e9332e54dca79) Importer(815301076,1909f56bfc062723c751e8b465ee728b)
Start importing Assets/Sprites/Zombie/Zombie2/Dead3.png using Guid(a5b3d1908d5856641b4e9332e54dca79) Importer(815301076,1909f56bfc062723c751e8b465ee728b)  -> (artifact id: '2e0aee2cd1dac137f778e4c652a2d2a9') in 0.016456 seconds 
  Import took 0.020298 seconds .

========================================================================
Received Import Request.
  Time since last request: 0.000185 seconds.
  path: Assets/Sprites/Zombie/Zombie2/Run2.png
  artifactKey: Guid(9a6e1470a70a24340a09f21e608c845c) Importer(815301076,1909f56bfc062723c751e8b465ee728b)
Start importing Assets/Sprites/Zombie/Zombie2/Run2.png using Guid(9a6e1470a70a24340a09f21e608c845c) Importer(815301076,1909f56bfc062723c751e8b465ee728b)  -> (artifact id: '4d0073a7d1860c83dac43953923e966f') in 0.015308 seconds 
  Import took 0.019464 seconds .

========================================================================
Received Import Request.
  Time since last request: 0.000319 seconds.
  path: Assets/Sprites/Zombie/Zombie2/Run3.png
  artifactKey: Guid(a25690847c525f447b8af1c7adfe66fb) Importer(815301076,1909f56bfc062723c751e8b465ee728b)
Start importing Assets/Sprites/Zombie/Zombie2/Run3.png using Guid(a25690847c525f447b8af1c7adfe66fb) Importer(815301076,1909f56bfc062723c751e8b465ee728b)  -> (artifact id: 'e5b8c9b9ee5ecb0c2f923b3b0e5369fa') in 0.015590 seconds 
  Import took 0.020080 seconds .

========================================================================
Received Import Request.
  Time since last request: 0.000186 seconds.
  path: Assets/Sprites/Zombie/Zombie2/Hurt2.png
  artifactKey: Guid(cd9816fe2ff727b449c35b3d7567c144) Importer(815301076,1909f56bfc062723c751e8b465ee728b)
Start importing Assets/Sprites/Zombie/Zombie2/Hurt2.png using Guid(cd9816fe2ff727b449c35b3d7567c144) Importer(815301076,1909f56bfc062723c751e8b465ee728b)  -> (artifact id: '4d5276c71f4c07f81951f2d832cafa42') in 0.016590 seconds 
  Import took 0.020899 seconds .

========================================================================
Received Import Request.
  Time since last request: 0.000232 seconds.
  path: Assets/Sprites/Zombie/Zombie2/Dead4.png
  artifactKey: Guid(35519dc9a01be2e4b9cb56c4688b9da0) Importer(815301076,1909f56bfc062723c751e8b465ee728b)
Start importing Assets/Sprites/Zombie/Zombie2/Dead4.png using Guid(35519dc9a01be2e4b9cb56c4688b9da0) Importer(815301076,1909f56bfc062723c751e8b465ee728b)  -> (artifact id: 'ea6b02ad9357b8071f8494d2bfde011d') in 0.016417 seconds 
  Import took 0.019884 seconds .

========================================================================
Received Import Request.
  Time since last request: 0.000308 seconds.
  path: Assets/Sprites/Zombie/Zombie2/Dead5.png
  artifactKey: Guid(821bf08fa0199a34e96433627f60a957) Importer(815301076,1909f56bfc062723c751e8b465ee728b)
Start importing Assets/Sprites/Zombie/Zombie2/Dead5.png using Guid(821bf08fa0199a34e96433627f60a957) Importer(815301076,1909f56bfc062723c751e8b465ee728b)  -> (artifact id: '777e30e6d47599541cc16dbb4ba2ec3f') in 0.018692 seconds 
  Import took 0.023153 seconds .

========================================================================
Received Import Request.
  Time since last request: 0.000225 seconds.
  path: Assets/Sprites/Zombie/Zombie2/Dead7.png
  artifactKey: Guid(82c868e140f4b334c9e508fe2f227892) Importer(815301076,1909f56bfc062723c751e8b465ee728b)
Start importing Assets/Sprites/Zombie/Zombie2/Dead7.png using Guid(82c868e140f4b334c9e508fe2f227892) Importer(815301076,1909f56bfc062723c751e8b465ee728b)  -> (artifact id: '6e8122382e309799a1678db66d635996') in 0.018036 seconds 
  Import took 0.021961 seconds .

========================================================================
Received Import Request.
  Time since last request: 0.000161 seconds.
  path: Assets/Sprites/Zombie/Zombie2/Idle1.png
  artifactKey: Guid(03b809e10b562674e91d48f0d4c6ac7d) Importer(815301076,1909f56bfc062723c751e8b465ee728b)
Start importing Assets/Sprites/Zombie/Zombie2/Idle1.png using Guid(03b809e10b562674e91d48f0d4c6ac7d) Importer(815301076,1909f56bfc062723c751e8b465ee728b)  -> (artifact id: '766a8d6663e61eb038545bb726daed7f') in 0.017488 seconds 
  Import took 0.020911 seconds .

========================================================================
Received Import Request.
  Time since last request: 0.000224 seconds.
  path: Assets/Sprites/Zombie/Zombie2/Run10.png
  artifactKey: Guid(d91ed675d1ee53e4aa86a8d59b981638) Importer(815301076,1909f56bfc062723c751e8b465ee728b)
Start importing Assets/Sprites/Zombie/Zombie2/Run10.png using Guid(d91ed675d1ee53e4aa86a8d59b981638) Importer(815301076,1909f56bfc062723c751e8b465ee728b)  -> (artifact id: 'd1cbd169dda16cf1d3a18d9a9abd5b81') in 0.016631 seconds 
  Import took 0.020362 seconds .

========================================================================
Received Import Request.
  Time since last request: 0.000223 seconds.
  path: Assets/Sprites/Zombie/Zombie2/Run9.png
  artifactKey: Guid(06a90dfa371d4284dbdec09ac8e2b93b) Importer(815301076,1909f56bfc062723c751e8b465ee728b)
Start importing Assets/Sprites/Zombie/Zombie2/Run9.png using Guid(06a90dfa371d4284dbdec09ac8e2b93b) Importer(815301076,1909f56bfc062723c751e8b465ee728b)  -> (artifact id: 'dd6a38e6237c2449f6e3dc70875a2ab7') in 0.013520 seconds 
  Import took 0.018338 seconds .

========================================================================
Received Import Request.
  Time since last request: 0.000250 seconds.
  path: Assets/Sprites/Zombie/Zombie2/Run8.png
  artifactKey: Guid(ae51f6b036fb40a4894d6d6151a78e2a) Importer(815301076,1909f56bfc062723c751e8b465ee728b)
Start importing Assets/Sprites/Zombie/Zombie2/Run8.png using Guid(ae51f6b036fb40a4894d6d6151a78e2a) Importer(815301076,1909f56bfc062723c751e8b465ee728b)  -> (artifact id: '1c8835e16a7a36303bf63b4ec88d0d7b') in 0.016198 seconds 
  Import took 0.019937 seconds .

========================================================================
Received Import Request.
  Time since last request: 0.000240 seconds.
  path: Assets/Sprites/Zombie/Zombie2/Run6.png
  artifactKey: Guid(74846a6aa16b10a4b80be261423589ba) Importer(815301076,1909f56bfc062723c751e8b465ee728b)
Start importing Assets/Sprites/Zombie/Zombie2/Run6.png using Guid(74846a6aa16b10a4b80be261423589ba) Importer(815301076,1909f56bfc062723c751e8b465ee728b)  -> (artifact id: '7de1be859bd57ac5cc83bef908e77988') in 0.017253 seconds 
  Import took 0.020934 seconds .

========================================================================
Received Import Request.
  Time since last request: 0.000222 seconds.
  path: Assets/Sprites/Zombie/Zombie2/Idle2.png
  artifactKey: Guid(c96c3783ba3d0994db9468e41d4919ee) Importer(815301076,1909f56bfc062723c751e8b465ee728b)
Start importing Assets/Sprites/Zombie/Zombie2/Idle2.png using Guid(c96c3783ba3d0994db9468e41d4919ee) Importer(815301076,1909f56bfc062723c751e8b465ee728b)  -> (artifact id: 'b73334b71377d3b291977df4ad19cb80') in 0.015965 seconds 
  Import took 0.019162 seconds .

========================================================================
Received Import Request.
  Time since last request: 1261.041013 seconds.
  path: Assets/Animation/Enemy/zombie1
  artifactKey: Guid(eaabd00452064d744b8d25e1b1e062d1) Importer(815301076,1909f56bfc062723c751e8b465ee728b)
Start importing Assets/Animation/Enemy/zombie1 using Guid(eaabd00452064d744b8d25e1b1e062d1) Importer(815301076,1909f56bfc062723c751e8b465ee728b)  -> (artifact id: '485f9b8c0176a6f03cdc23155201bf7d') in 0.003154 seconds 
  Import took 0.007578 seconds .

========================================================================
Received Import Request.
  Time since last request: 4.872803 seconds.
  path: Assets/Animation/Enemy/zombie1 1
  artifactKey: Guid(aa4949c1adb293a4abe9b4e9d8e7d635) Importer(815301076,1909f56bfc062723c751e8b465ee728b)
Start importing Assets/Animation/Enemy/zombie1 1 using Guid(aa4949c1adb293a4abe9b4e9d8e7d635) Importer(815301076,1909f56bfc062723c751e8b465ee728b)  -> (artifact id: '6f67a897e4e6126ba79f035dc0fe6816') in 0.006337 seconds 
  Import took 0.011276 seconds .

========================================================================
Received Import Request.
  Time since last request: 6.671647 seconds.
  path: Assets/Animation/Enemy/zombie2
  artifactKey: Guid(eaabd00452064d744b8d25e1b1e062d1) Importer(815301076,1909f56bfc062723c751e8b465ee728b)
Start importing Assets/Animation/Enemy/zombie2 using Guid(eaabd00452064d744b8d25e1b1e062d1) Importer(815301076,1909f56bfc062723c751e8b465ee728b)  -> (artifact id: '973c1807ca2ab2988101f022af7c5b1d') in 0.006670 seconds 
  Import took 0.010328 seconds .

========================================================================
Received Import Request.
  Time since last request: 18.785461 seconds.
  path: Assets/Animation/Enemy/zombie1
  artifactKey: Guid(aa4949c1adb293a4abe9b4e9d8e7d635) Importer(815301076,1909f56bfc062723c751e8b465ee728b)
Start importing Assets/Animation/Enemy/zombie1 using Guid(aa4949c1adb293a4abe9b4e9d8e7d635) Importer(815301076,1909f56bfc062723c751e8b465ee728b)  -> (artifact id: '5f584d1bc40dbd340a73b2d9df838512') in 0.003170 seconds 
  Import took 0.006617 seconds .

========================================================================
Received Import Request.
  Time since last request: 32.110136 seconds.
  path: Assets/Animation/Enemy/zombie1/Enemy1.controller
  artifactKey: Guid(af0af8c1fa4ba324681aec04277dade1) Importer(815301076,1909f56bfc062723c751e8b465ee728b)
Start importing Assets/Animation/Enemy/zombie1/Enemy1.controller using Guid(af0af8c1fa4ba324681aec04277dade1) Importer(815301076,1909f56bfc062723c751e8b465ee728b)  -> (artifact id: '8b77a7858839226c71a5c039fc2b1408') in 0.010488 seconds 
  Import took 0.014735 seconds .

========================================================================
Received Import Request.
  Time since last request: 1889.720127 seconds.
  path: Assets/Animation/Enemy/zombie2/Enemy2.controller
  artifactKey: Guid(26b039906a140e14d89ab27fc7c6e8eb) Importer(815301076,1909f56bfc062723c751e8b465ee728b)
Start importing Assets/Animation/Enemy/zombie2/Enemy2.controller using Guid(26b039906a140e14d89ab27fc7c6e8eb) Importer(815301076,1909f56bfc062723c751e8b465ee728b)  -> (artifact id: 'e515beb840b46530c0421d05a834fd55') in 0.007406 seconds 
  Import took 0.012322 seconds .

========================================================================
Received Import Request.
  Time since last request: 681.569263 seconds.
  path: Assets/Animation/Enemy/zombie2/Run.anim
  artifactKey: Guid(c469cddfddeb2f44c96e8bfa5cc18ed2) Importer(815301076,1909f56bfc062723c751e8b465ee728b)
Start importing Assets/Animation/Enemy/zombie2/Run.anim using Guid(c469cddfddeb2f44c96e8bfa5cc18ed2) Importer(815301076,1909f56bfc062723c751e8b465ee728b)  -> (artifact id: 'd860768072dcd8367b7b084c48576324') in 0.030670 seconds 
  Import took 0.048494 seconds .

========================================================================
Received Import Request.
  Time since last request: 0.006416 seconds.
  path: Assets/Animation/Enemy/zombie2/Run.anim
  artifactKey: Guid(c469cddfddeb2f44c96e8bfa5cc18ed2) Importer(815301076,1909f56bfc062723c751e8b465ee728b)
Start importing Assets/Animation/Enemy/zombie2/Run.anim using Guid(c469cddfddeb2f44c96e8bfa5cc18ed2) Importer(815301076,1909f56bfc062723c751e8b465ee728b)  -> (artifact id: 'd860768072dcd8367b7b084c48576324') in 0.005751 seconds 
  Import took 0.014269 seconds .

========================================================================
Received Import Request.
  Time since last request: 3283.974921 seconds.
  path: Assets/Scripts/Enemy/Zombie1.cs
  artifactKey: Guid(aa5fc210ff42ede4995e45fa9b201079) Importer(815301076,1909f56bfc062723c751e8b465ee728b)
Start importing Assets/Scripts/Enemy/Zombie1.cs using Guid(aa5fc210ff42ede4995e45fa9b201079) Importer(815301076,1909f56bfc062723c751e8b465ee728b)  -> (artifact id: '7c581b348793cc7b96eef54d4f9919e1') in 0.009066 seconds 
  Import took 0.016167 seconds .

========================================================================
Received Prepare
Registering precompiled user dll's ...
Registered in 0.002541 seconds.
Begin MonoManager ReloadAssembly
Native extension for WindowsStandalone target not found
Native extension for WebGL target not found
Refreshing native plugins compatible for Editor in 0.88 ms, found 3 plugins.
Preloading 0 native plugins for Editor in 0.00 ms.
Mono: successfully reloaded assembly
- Completed reload, in  1.381 seconds
Domain Reload Profiling:
	ReloadAssembly (1382ms)
		BeginReloadAssembly (129ms)
			ExecutionOrderSort (0ms)
			DisableScriptedObjects (7ms)
			BackupInstance (0ms)
			ReleaseScriptingObjects (0ms)
			CreateAndSetChildDomain (49ms)
		EndReloadAssembly (1186ms)
			LoadAssemblies (95ms)
			RebuildTransferFunctionScriptingTraits (0ms)
			SetupTypeCache (382ms)
			ReleaseScriptCaches (2ms)
			RebuildScriptCaches (103ms)
			SetupLoadedEditorAssemblies (422ms)
				LogAssemblyErrors (0ms)
				InitializePlatformSupportModulesInManaged (10ms)
				SetLoadedEditorAssemblies (1ms)
				RefreshPlugins (1ms)
				BeforeProcessingInitializeOnLoad (136ms)
				ProcessInitializeOnLoadAttributes (257ms)
				ProcessInitializeOnLoadMethodAttributes (10ms)
				AfterProcessingInitializeOnLoad (7ms)
				EditorAssembliesLoaded (0ms)
			ExecutionOrderSort2 (0ms)
			AwakeInstancesAfterBackupRestoration (19ms)
Platform modules already initialized, skipping
Script is not up to date after domain reload: guid(938360014ac28174d80d72be79c94358) path("Assets/Scripts/Enemy/NewBehaviourScript.cs") state(2)
Refreshing native plugins compatible for Editor in 0.57 ms, found 3 plugins.
Preloading 0 native plugins for Editor in 0.00 ms.
Unloading 2092 Unused Serialized files (Serialized files now loaded: 0)
System memory in use before: 96.3 MB.
System memory in use after: 96.3 MB.

Unloading 21 unused Assets to reduce memory usage. Loaded Objects now: 2627.
Total: 3.572600 ms (FindLiveObjects: 0.326800 ms CreateObjectMapping: 0.158100 ms MarkObjects: 2.923100 ms  DeleteObjects: 0.162900 ms)

AssetImportParameters requested are different than current active one (requested -> active):
  custom:framework-win-MediaFoundation: 216162199b28c13a410421893ffa2e32 -> 
  custom:video-decoder-ogg-theora: a1e56fd34408186e4bbccfd4996cb3dc -> 
  custom:container-muxer-webm: aa71ff27fc2769a1b78a27578f13a17b -> 
  custom:container-demuxer-webm: 4f35f7cbe854078d1ac9338744f61a02 -> 
  custom:container-demuxer-ogg: 62fdf1f143b41e24485cea50d1cbac27 -> 
  custom:video-encoder-webm-vp8: eb34c28f22e8b96e1ab97ce403110664 -> 
  custom:video-decoder-webm-vp8: 9c59270c3fd7afecdb556c50c9e8de78 -> 
  custom:audio-decoder-ogg-vorbis: bf7c407c2cedff20999df2af8eb42d56 -> 
  custom:audio-encoder-webm-vorbis: bf7c407c2cedff20999df2af8eb42d56 -> 
========================================================================
Received Import Request.
  Time since last request: 9.427843 seconds.
  path: Assets/Scripts/Enemy/NewBehaviourScript.cs
  artifactKey: Guid(938360014ac28174d80d72be79c94358) Importer(815301076,1909f56bfc062723c751e8b465ee728b)
Start importing Assets/Scripts/Enemy/NewBehaviourScript.cs using Guid(938360014ac28174d80d72be79c94358) Importer(815301076,1909f56bfc062723c751e8b465ee728b)  -> (artifact id: 'c1595bd5c74b4a6967f44451917f2c56') in 0.013516 seconds 
  Import took 0.018417 seconds .

========================================================================
Received Prepare
Registering precompiled user dll's ...
Registered in 0.002666 seconds.
Begin MonoManager ReloadAssembly
Native extension for WindowsStandalone target not found
Native extension for WebGL target not found
Refreshing native plugins compatible for Editor in 0.63 ms, found 3 plugins.
Preloading 0 native plugins for Editor in 0.00 ms.
Mono: successfully reloaded assembly
- Completed reload, in  1.237 seconds
Domain Reload Profiling:
	ReloadAssembly (1237ms)
		BeginReloadAssembly (114ms)
			ExecutionOrderSort (0ms)
			DisableScriptedObjects (12ms)
			BackupInstance (0ms)
			ReleaseScriptingObjects (0ms)
			CreateAndSetChildDomain (33ms)
		EndReloadAssembly (1055ms)
			LoadAssemblies (101ms)
			RebuildTransferFunctionScriptingTraits (0ms)
			SetupTypeCache (360ms)
			ReleaseScriptCaches (1ms)
			RebuildScriptCaches (55ms)
			SetupLoadedEditorAssemblies (389ms)
				LogAssemblyErrors (0ms)
				InitializePlatformSupportModulesInManaged (7ms)
				SetLoadedEditorAssemblies (1ms)
				RefreshPlugins (1ms)
				BeforeProcessingInitializeOnLoad (66ms)
				ProcessInitializeOnLoadAttributes (296ms)
				ProcessInitializeOnLoadMethodAttributes (9ms)
				AfterProcessingInitializeOnLoad (10ms)
				EditorAssembliesLoaded (0ms)
			ExecutionOrderSort2 (0ms)
			AwakeInstancesAfterBackupRestoration (18ms)
Platform modules already initialized, skipping
Refreshing native plugins compatible for Editor in 0.65 ms, found 3 plugins.
Preloading 0 native plugins for Editor in 0.00 ms.
Unloading 2093 Unused Serialized files (Serialized files now loaded: 0)
System memory in use before: 96.4 MB.
System memory in use after: 96.4 MB.

Unloading 21 unused Assets to reduce memory usage. Loaded Objects now: 2632.
Total: 2.658000 ms (FindLiveObjects: 0.211100 ms CreateObjectMapping: 0.075400 ms MarkObjects: 2.244900 ms  DeleteObjects: 0.125500 ms)

AssetImportParameters requested are different than current active one (requested -> active):
  custom:framework-win-MediaFoundation: 216162199b28c13a410421893ffa2e32 -> 
  custom:video-decoder-ogg-theora: a1e56fd34408186e4bbccfd4996cb3dc -> 
  custom:container-muxer-webm: aa71ff27fc2769a1b78a27578f13a17b -> 
  custom:container-demuxer-webm: 4f35f7cbe854078d1ac9338744f61a02 -> 
  custom:container-demuxer-ogg: 62fdf1f143b41e24485cea50d1cbac27 -> 
  custom:video-encoder-webm-vp8: eb34c28f22e8b96e1ab97ce403110664 -> 
  custom:video-decoder-webm-vp8: 9c59270c3fd7afecdb556c50c9e8de78 -> 
  custom:audio-decoder-ogg-vorbis: bf7c407c2cedff20999df2af8eb42d56 -> 
  custom:audio-encoder-webm-vorbis: bf7c407c2cedff20999df2af8eb42d56 -> 
========================================================================
Received Import Request.
  Time since last request: 7.915965 seconds.
  path: Assets/Scripts/Enemy/Zombie2.cs
  artifactKey: Guid(938360014ac28174d80d72be79c94358) Importer(815301076,1909f56bfc062723c751e8b465ee728b)
Start importing Assets/Scripts/Enemy/Zombie2.cs using Guid(938360014ac28174d80d72be79c94358) Importer(815301076,1909f56bfc062723c751e8b465ee728b)  -> (artifact id: '518126a93ccc2d4a0fe060bfe4b2dedf') in 0.009393 seconds 
  Import took 0.013200 seconds .

========================================================================
Received Prepare
Registering precompiled user dll's ...
Registered in 0.002739 seconds.
Begin MonoManager ReloadAssembly
Native extension for WindowsStandalone target not found
Native extension for WebGL target not found
Refreshing native plugins compatible for Editor in 0.65 ms, found 3 plugins.
Preloading 0 native plugins for Editor in 0.00 ms.
Mono: successfully reloaded assembly
- Completed reload, in  1.269 seconds
Domain Reload Profiling:
	ReloadAssembly (1270ms)
		BeginReloadAssembly (104ms)
			ExecutionOrderSort (0ms)
			DisableScriptedObjects (7ms)
			BackupInstance (0ms)
			ReleaseScriptingObjects (0ms)
			CreateAndSetChildDomain (33ms)
		EndReloadAssembly (1102ms)
			LoadAssemblies (87ms)
			RebuildTransferFunctionScriptingTraits (0ms)
			SetupTypeCache (350ms)
			ReleaseScriptCaches (1ms)
			RebuildScriptCaches (54ms)
			SetupLoadedEditorAssemblies (462ms)
				LogAssemblyErrors (0ms)
				InitializePlatformSupportModulesInManaged (9ms)
				SetLoadedEditorAssemblies (1ms)
				RefreshPlugins (1ms)
				BeforeProcessingInitializeOnLoad (79ms)
				ProcessInitializeOnLoadAttributes (354ms)
				ProcessInitializeOnLoadMethodAttributes (9ms)
				AfterProcessingInitializeOnLoad (9ms)
				EditorAssembliesLoaded (0ms)
			ExecutionOrderSort2 (0ms)
			AwakeInstancesAfterBackupRestoration (13ms)
Platform modules already initialized, skipping
Refreshing native plugins compatible for Editor in 0.73 ms, found 3 plugins.
Preloading 0 native plugins for Editor in 0.00 ms.
Unloading 2093 Unused Serialized files (Serialized files now loaded: 0)
System memory in use before: 96.4 MB.
System memory in use after: 96.4 MB.

Unloading 21 unused Assets to reduce memory usage. Loaded Objects now: 2636.
Total: 3.335600 ms (FindLiveObjects: 0.271900 ms CreateObjectMapping: 0.093700 ms MarkObjects: 2.833100 ms  DeleteObjects: 0.135300 ms)

AssetImportParameters requested are different than current active one (requested -> active):
  custom:framework-win-MediaFoundation: 216162199b28c13a410421893ffa2e32 -> 
  custom:video-decoder-ogg-theora: a1e56fd34408186e4bbccfd4996cb3dc -> 
  custom:container-muxer-webm: aa71ff27fc2769a1b78a27578f13a17b -> 
  custom:container-demuxer-webm: 4f35f7cbe854078d1ac9338744f61a02 -> 
  custom:container-demuxer-ogg: 62fdf1f143b41e24485cea50d1cbac27 -> 
  custom:video-encoder-webm-vp8: eb34c28f22e8b96e1ab97ce403110664 -> 
  custom:video-decoder-webm-vp8: 9c59270c3fd7afecdb556c50c9e8de78 -> 
  custom:audio-decoder-ogg-vorbis: bf7c407c2cedff20999df2af8eb42d56 -> 
  custom:audio-encoder-webm-vorbis: bf7c407c2cedff20999df2af8eb42d56 -> 
========================================================================
Received Prepare
Registering precompiled user dll's ...
Registered in 0.002428 seconds.
Begin MonoManager ReloadAssembly
Native extension for WindowsStandalone target not found
Native extension for WebGL target not found
Refreshing native plugins compatible for Editor in 0.68 ms, found 3 plugins.
Preloading 0 native plugins for Editor in 0.00 ms.
Mono: successfully reloaded assembly
- Completed reload, in  1.475 seconds
Domain Reload Profiling:
	ReloadAssembly (1475ms)
		BeginReloadAssembly (109ms)
			ExecutionOrderSort (0ms)
			DisableScriptedObjects (7ms)
			BackupInstance (0ms)
			ReleaseScriptingObjects (0ms)
			CreateAndSetChildDomain (33ms)
		EndReloadAssembly (1298ms)
			LoadAssemblies (89ms)
			RebuildTransferFunctionScriptingTraits (0ms)
			SetupTypeCache (392ms)
			ReleaseScriptCaches (2ms)
			RebuildScriptCaches (125ms)
			SetupLoadedEditorAssemblies (491ms)
				LogAssemblyErrors (0ms)
				InitializePlatformSupportModulesInManaged (9ms)
				SetLoadedEditorAssemblies (1ms)
				RefreshPlugins (1ms)
				BeforeProcessingInitializeOnLoad (81ms)
				ProcessInitializeOnLoadAttributes (379ms)
				ProcessInitializeOnLoadMethodAttributes (10ms)
				AfterProcessingInitializeOnLoad (10ms)
				EditorAssembliesLoaded (0ms)
			ExecutionOrderSort2 (0ms)
			AwakeInstancesAfterBackupRestoration (18ms)
Platform modules already initialized, skipping
Refreshing native plugins compatible for Editor in 0.53 ms, found 3 plugins.
Preloading 0 native plugins for Editor in 0.00 ms.
Unloading 2092 Unused Serialized files (Serialized files now loaded: 0)
System memory in use before: 96.5 MB.
System memory in use after: 96.4 MB.

Unloading 22 unused Assets to reduce memory usage. Loaded Objects now: 2639.
Total: 2.681600 ms (FindLiveObjects: 0.195800 ms CreateObjectMapping: 0.067300 ms MarkObjects: 2.242200 ms  DeleteObjects: 0.175200 ms)

AssetImportParameters requested are different than current active one (requested -> active):
  custom:framework-win-MediaFoundation: 216162199b28c13a410421893ffa2e32 -> 
  custom:video-decoder-ogg-theora: a1e56fd34408186e4bbccfd4996cb3dc -> 
  custom:container-muxer-webm: aa71ff27fc2769a1b78a27578f13a17b -> 
  custom:container-demuxer-webm: 4f35f7cbe854078d1ac9338744f61a02 -> 
  custom:container-demuxer-ogg: 62fdf1f143b41e24485cea50d1cbac27 -> 
  custom:video-encoder-webm-vp8: eb34c28f22e8b96e1ab97ce403110664 -> 
  custom:video-decoder-webm-vp8: 9c59270c3fd7afecdb556c50c9e8de78 -> 
  custom:audio-decoder-ogg-vorbis: bf7c407c2cedff20999df2af8eb42d56 -> 
  custom:audio-encoder-webm-vorbis: bf7c407c2cedff20999df2af8eb42d56 -> 
========================================================================
Received Import Request.
  Time since last request: 68.949799 seconds.
  path: Assets/Scripts/Enemy/Zombie2.cs
  artifactKey: Guid(938360014ac28174d80d72be79c94358) Importer(815301076,1909f56bfc062723c751e8b465ee728b)
Start importing Assets/Scripts/Enemy/Zombie2.cs using Guid(938360014ac28174d80d72be79c94358) Importer(815301076,1909f56bfc062723c751e8b465ee728b)  -> (artifact id: '3ebdc08acd9e2e012d8c605a422cbe22') in 0.005387 seconds 
  Import took 0.009023 seconds .

========================================================================
Received Prepare
Registering precompiled user dll's ...
Registered in 0.003083 seconds.
Begin MonoManager ReloadAssembly
Native extension for WindowsStandalone target not found
Native extension for WebGL target not found
Refreshing native plugins compatible for Editor in 0.60 ms, found 3 plugins.
Preloading 0 native plugins for Editor in 0.00 ms.
Mono: successfully reloaded assembly
- Completed reload, in  1.153 seconds
Domain Reload Profiling:
	ReloadAssembly (1153ms)
		BeginReloadAssembly (105ms)
			ExecutionOrderSort (0ms)
			DisableScriptedObjects (7ms)
			BackupInstance (0ms)
			ReleaseScriptingObjects (0ms)
			CreateAndSetChildDomain (31ms)
		EndReloadAssembly (982ms)
			LoadAssemblies (89ms)
			RebuildTransferFunctionScriptingTraits (0ms)
			SetupTypeCache (343ms)
			ReleaseScriptCaches (1ms)
			RebuildScriptCaches (43ms)
			SetupLoadedEditorAssemblies (377ms)
				LogAssemblyErrors (0ms)
				InitializePlatformSupportModulesInManaged (6ms)
				SetLoadedEditorAssemblies (0ms)
				RefreshPlugins (1ms)
				BeforeProcessingInitializeOnLoad (66ms)
				ProcessInitializeOnLoadAttributes (291ms)
				ProcessInitializeOnLoadMethodAttributes (6ms)
				AfterProcessingInitializeOnLoad (7ms)
				EditorAssembliesLoaded (0ms)
			ExecutionOrderSort2 (0ms)
			AwakeInstancesAfterBackupRestoration (12ms)
Platform modules already initialized, skipping
Refreshing native plugins compatible for Editor in 0.57 ms, found 3 plugins.
Preloading 0 native plugins for Editor in 0.00 ms.
Unloading 2093 Unused Serialized files (Serialized files now loaded: 0)
System memory in use before: 96.5 MB.
System memory in use after: 96.5 MB.

Unloading 21 unused Assets to reduce memory usage. Loaded Objects now: 2644.
Total: 3.125500 ms (FindLiveObjects: 0.228700 ms CreateObjectMapping: 0.104600 ms MarkObjects: 2.658000 ms  DeleteObjects: 0.133000 ms)

AssetImportParameters requested are different than current active one (requested -> active):
  custom:framework-win-MediaFoundation: 216162199b28c13a410421893ffa2e32 -> 
  custom:video-decoder-ogg-theora: a1e56fd34408186e4bbccfd4996cb3dc -> 
  custom:container-muxer-webm: aa71ff27fc2769a1b78a27578f13a17b -> 
  custom:container-demuxer-webm: 4f35f7cbe854078d1ac9338744f61a02 -> 
  custom:container-demuxer-ogg: 62fdf1f143b41e24485cea50d1cbac27 -> 
  custom:video-encoder-webm-vp8: eb34c28f22e8b96e1ab97ce403110664 -> 
  custom:video-decoder-webm-vp8: 9c59270c3fd7afecdb556c50c9e8de78 -> 
  custom:audio-decoder-ogg-vorbis: bf7c407c2cedff20999df2af8eb42d56 -> 
  custom:audio-encoder-webm-vorbis: bf7c407c2cedff20999df2af8eb42d56 -> 
AssetImportWorkerClient::OnTransportError - code=2 error=End of file
